self=$$;  ( mysqldump --single-transaction --quick --lock-tables=false -u _8bb9ff49a1cb999e -p********** _8bb9ff49a1cb999e -h 127.0.0.1 -P 3306   || kill $self )  | /usr/bin/gzip >> ./erp.starlly.in/private/backups/20241209_173001-erp_starlly_in-database.sql.gz

Backup Summary for erp.starlly.in at 2024-12-09 17:30:03.340034
Config  : ./erp.starlly.in/private/backups/20241209_173001-erp_starlly_in-site_config_backup.json 185.0B
Database: ./erp.starlly.in/private/backups/20241209_173001-erp_starlly_in-database.sql.gz         956.6KiB
Backup for Site erp.starlly.in has been successfully completed
self=$$;  ( mysqldump --single-transaction --quick --lock-tables=false -u _8bb9ff49a1cb999e -p********** _8bb9ff49a1cb999e -h 127.0.0.1 -P 3306   || kill $self )  | /usr/bin/gzip >> ./erp.starlly.in/private/backups/20241209_233002-erp_starlly_in-database.sql.gz

Backup Summary for erp.starlly.in at 2024-12-09 23:30:03.775044
Config  : ./erp.starlly.in/private/backups/20241209_233002-erp_starlly_in-site_config_backup.json 185.0B
Database: ./erp.starlly.in/private/backups/20241209_233002-erp_starlly_in-database.sql.gz         972.3KiB
Backup for Site erp.starlly.in has been successfully completed
self=$$;  ( mysqldump --single-transaction --quick --lock-tables=false -u _8bb9ff49a1cb999e -p********** _8bb9ff49a1cb999e -h 127.0.0.1 -P 3306   || kill $self )  | /usr/bin/gzip >> ./erp.starlly.in/private/backups/20241210_053001-erp_starlly_in-database.sql.gz

Backup Summary for erp.starlly.in at 2024-12-10 05:30:03.210324
Config  : ./erp.starlly.in/private/backups/20241210_053001-erp_starlly_in-site_config_backup.json 185.0B
Database: ./erp.starlly.in/private/backups/20241210_053001-erp_starlly_in-database.sql.gz         980.3KiB
Backup for Site erp.starlly.in has been successfully completed
self=$$;  ( mysqldump --single-transaction --quick --lock-tables=false -u _8bb9ff49a1cb999e -p********** _8bb9ff49a1cb999e -h 127.0.0.1 -P 3306   || kill $self )  | /usr/bin/gzip >> ./erp.starlly.in/private/backups/20241210_113001-erp_starlly_in-database.sql.gz

Backup Summary for erp.starlly.in at 2024-12-10 11:30:03.570410
Config  : ./erp.starlly.in/private/backups/20241210_113001-erp_starlly_in-site_config_backup.json 185.0B
Database: ./erp.starlly.in/private/backups/20241210_113001-erp_starlly_in-database.sql.gz         986.2KiB
Backup for Site erp.starlly.in has been successfully completed
self=$$;  ( mysqldump --single-transaction --quick --lock-tables=false -u _8bb9ff49a1cb999e -p********** _8bb9ff49a1cb999e -h 127.0.0.1 -P 3306   || kill $self )  | /usr/bin/gzip >> ./erp.starlly.in/private/backups/20241210_173002-erp_starlly_in-database.sql.gz

Backup Summary for erp.starlly.in at 2024-12-10 17:30:03.912075
Config  : ./erp.starlly.in/private/backups/20241210_173002-erp_starlly_in-site_config_backup.json 208.0B
Database: ./erp.starlly.in/private/backups/20241210_173002-erp_starlly_in-database.sql.gz         992.5KiB
Backup for Site erp.starlly.in has been successfully completed
self=$$;  ( mysqldump --single-transaction --quick --lock-tables=false -u _8bb9ff49a1cb999e -p********** _8bb9ff49a1cb999e -h 127.0.0.1 -P 3306   || kill $self )  | /usr/bin/gzip >> ./erp.starlly.in/private/backups/20241210_233001-erp_starlly_in-database.sql.gz

Backup Summary for erp.starlly.in at 2024-12-10 23:30:03.273596
Config  : ./erp.starlly.in/private/backups/20241210_233001-erp_starlly_in-site_config_backup.json 208.0B
Database: ./erp.starlly.in/private/backups/20241210_233001-erp_starlly_in-database.sql.gz         1003.8KiB
Backup for Site erp.starlly.in has been successfully completed
self=$$;  ( mysqldump --single-transaction --quick --lock-tables=false -u _8bb9ff49a1cb999e -p********** _8bb9ff49a1cb999e -h 127.0.0.1 -P 3306   || kill $self )  | /usr/bin/gzip >> ./erp.starlly.in/private/backups/20241211_053002-erp_starlly_in-database.sql.gz

Backup Summary for erp.starlly.in at 2024-12-11 05:30:04.598041
Config  : ./erp.starlly.in/private/backups/20241211_053002-erp_starlly_in-site_config_backup.json 208.0B
Database: ./erp.starlly.in/private/backups/20241211_053002-erp_starlly_in-database.sql.gz         1011.4KiB
Backup for Site erp.starlly.in has been successfully completed
self=$$;  ( mysqldump --single-transaction --quick --lock-tables=false -u _8bb9ff49a1cb999e -p********** _8bb9ff49a1cb999e -h 127.0.0.1 -P 3306   || kill $self )  | /usr/bin/gzip >> ./erp.starlly.in/private/backups/20241211_113002-erp_starlly_in-database.sql.gz

Backup Summary for erp.starlly.in at 2024-12-11 11:30:03.989948
Config  : ./erp.starlly.in/private/backups/20241211_113002-erp_starlly_in-site_config_backup.json 208.0B
Database: ./erp.starlly.in/private/backups/20241211_113002-erp_starlly_in-database.sql.gz         1017.5KiB
Backup for Site erp.starlly.in has been successfully completed
