Error: Not Found
    at Request.callback (/home/erpsgt/frappe-bench/apps/frappe/node_modules/superagent/lib/node/index.js:706:15)
    at /home/erpsgt/frappe-bench/apps/frappe/node_modules/superagent/lib/node/index.js:916:18
    at IncomingMessage.<anonymous> (/home/erpsgt/frappe-bench/apps/frappe/node_modules/superagent/lib/node/parsers/json.js:19:7)
    at IncomingMessage.emit (events.js:326:22)
    at endReadableNT (_stream_readable.js:1241:12)
    at processTicksAndRejections (internal/process/task_queues.js:84:21) {
  status: 404,
  response: Response {
    _events: [Object: null prototype] {},
    _eventsCount: 0,
    _maxListeners: undefined,
    res: IncomingMessage {
      _readableState: [ReadableState],
      readable: false,
      _events: [Object: null prototype],
      _eventsCount: 4,
      _maxListeners: undefined,
      socket: [Socket],
      connection: [Socket],
      httpVersionMajor: 1,
      httpVersionMinor: 1,
      httpVersion: '1.1',
      complete: true,
      headers: [Object],
      rawHeaders: [Array],
      trailers: {},
      rawTrailers: [],
      aborted: false,
      upgrade: false,
      url: '',
      method: null,
      statusCode: 404,
      statusMessage: 'NOT FOUND',
      client: [Socket],
      _consuming: false,
      _dumped: false,
      req: [ClientRequest],
      text: '{"exc_type":"DoesNotExistError","_server_messages":"[\\"{\\\\\\"message\\\\\\": \\\\\\"Holiday List new-holiday-list-dqckvocief not found\\\\\\", \\\\\\"title\\\\\\": \\\\\\"Message\\\\\\", \\\\\\"indicator\\\\\\": \\\\\\"red\\\\\\", \\\\\\"raise_exception\\\\\\": 1}\\"]"}',
      [Symbol(kCapture)]: false
    },
    request: Request {
      _events: [Object: null prototype] {},
      _eventsCount: 0,
      _maxListeners: undefined,
      _agent: false,
      _formData: null,
      method: 'GET',
      url: 'http://erp.starlly.in/api/method/frappe.realtime.can_subscribe_doc?sid=a39e441414856b140e5c4f28e00486f9ac66c05132c1de1f421f1cdb&doctype=Holiday%20List&docname=new-holiday-list-dqckvocief',
      _header: [Object],
      header: [Object],
      writable: true,
      _redirects: 0,
      _maxRedirects: 5,
      cookies: '',
      qs: {},
      _query: [],
      qsRaw: [],
      _redirectList: [],
      _streamRequest: false,
      req: [ClientRequest],
      protocol: 'http:',
      host: 'erp.starlly.in',
      _endCalled: true,
      _callback: [Function],
      res: [IncomingMessage],
      response: [Circular],
      called: true,
      [Symbol(kCapture)]: false
    },
    req: ClientRequest {
      _events: [Object: null prototype],
      _eventsCount: 3,
      _maxListeners: undefined,
      outputData: [],
      outputSize: 0,
      writable: true,
      _last: true,
      chunkedEncoding: false,
      shouldKeepAlive: false,
      _defaultKeepAlive: true,
      useChunkedEncodingByDefault: false,
      sendDate: false,
      _removedConnection: false,
      _removedContLen: false,
      _removedTE: false,
      _contentLength: 0,
      _hasBody: true,
      _trailer: '',
      finished: true,
      _headerSent: true,
      socket: [Socket],
      connection: [Socket],
      _header: 'GET /api/method/frappe.realtime.can_subscribe_doc?sid=a39e441414856b140e5c4f28e00486f9ac66c05132c1de1f421f1cdb&doctype=Holiday%20List&docname=new-holiday-list-dqckvocief HTTP/1.1\r\n' +
        'Host: erp.starlly.in\r\n' +
        'Accept-Encoding: gzip, deflate\r\n' +
        'User-Agent: node-superagent/3.8.3\r\n' +
        'Content-Type: application/x-www-form-urlencoded\r\n' +
        'Connection: close\r\n' +
        '\r\n',
      _keepAliveTimeout: 0,
      _onPendingData: [Function: noopPendingOutput],
      agent: [Agent],
      socketPath: undefined,
      method: 'GET',
      insecureHTTPParser: undefined,
      path: '/api/method/frappe.realtime.can_subscribe_doc?sid=a39e441414856b140e5c4f28e00486f9ac66c05132c1de1f421f1cdb&doctype=Holiday%20List&docname=new-holiday-list-dqckvocief',
      _ended: true,
      res: [IncomingMessage],
      aborted: false,
      timeoutCb: null,
      upgradeOrConnect: false,
      parser: null,
      maxHeadersCount: null,
      reusedSocket: false,
      host: 'erp.starlly.in',
      protocol: 'http:',
      [Symbol(kCapture)]: false,
      [Symbol(kNeedDrain)]: false,
      [Symbol(corked)]: 0,
      [Symbol(kOutHeaders)]: [Object: null prototype]
    },
    text: '{"exc_type":"DoesNotExistError","_server_messages":"[\\"{\\\\\\"message\\\\\\": \\\\\\"Holiday List new-holiday-list-dqckvocief not found\\\\\\", \\\\\\"title\\\\\\": \\\\\\"Message\\\\\\", \\\\\\"indicator\\\\\\": \\\\\\"red\\\\\\", \\\\\\"raise_exception\\\\\\": 1}\\"]"}',
    body: {
      exc_type: 'DoesNotExistError',
      _server_messages: '["{\\"message\\": \\"Holiday List new-holiday-list-dqckvocief not found\\", \\"title\\": \\"Message\\", \\"indicator\\": \\"red\\", \\"raise_exception\\": 1}"]'
    },
    files: undefined,
    buffered: true,
    headers: {
      server: 'nginx',
      date: 'Mon, 09 Dec 2024 11:21:38 GMT',
      'content-type': 'application/json',
      'content-length': '229',
      connection: 'close',
      'set-cookie': [Array]
    },
    header: {
      server: 'nginx',
      date: 'Mon, 09 Dec 2024 11:21:38 GMT',
      'content-type': 'application/json',
      'content-length': '229',
      connection: 'close',
      'set-cookie': [Array]
    },
    statusCode: 404,
    status: 404,
    statusType: 4,
    info: false,
    ok: false,
    redirect: false,
    clientError: true,
    serverError: false,
    error: Error: cannot GET /api/method/frappe.realtime.can_subscribe_doc?sid=a39e441414856b140e5c4f28e00486f9ac66c05132c1de1f421f1cdb&doctype=Holiday%20List&docname=new-holiday-list-dqckvocief (404)
        at Response.toError (/home/erpsgt/frappe-bench/apps/frappe/node_modules/superagent/lib/node/response.js:94:15)
        at ResponseBase._setStatusProperties (/home/erpsgt/frappe-bench/apps/frappe/node_modules/superagent/lib/response-base.js:123:16)
        at new Response (/home/erpsgt/frappe-bench/apps/frappe/node_modules/superagent/lib/node/response.js:41:8)
        at Request._emitResponse (/home/erpsgt/frappe-bench/apps/frappe/node_modules/superagent/lib/node/index.js:752:20)
        at /home/erpsgt/frappe-bench/apps/frappe/node_modules/superagent/lib/node/index.js:916:38
        at IncomingMessage.<anonymous> (/home/erpsgt/frappe-bench/apps/frappe/node_modules/superagent/lib/node/parsers/json.js:19:7)
        at IncomingMessage.emit (events.js:326:22)
        at endReadableNT (_stream_readable.js:1241:12)
        at processTicksAndRejections (internal/process/task_queues.js:84:21) {
      status: 404,
      text: '{"exc_type":"DoesNotExistError","_server_messages":"[\\"{\\\\\\"message\\\\\\": \\\\\\"Holiday List new-holiday-list-dqckvocief not found\\\\\\", \\\\\\"title\\\\\\": \\\\\\"Message\\\\\\", \\\\\\"indicator\\\\\\": \\\\\\"red\\\\\\", \\\\\\"raise_exception\\\\\\": 1}\\"]"}',
      method: 'GET',
      path: '/api/method/frappe.realtime.can_subscribe_doc?sid=a39e441414856b140e5c4f28e00486f9ac66c05132c1de1f421f1cdb&doctype=Holiday%20List&docname=new-holiday-list-dqckvocief'
    },
    created: false,
    accepted: false,
    noContent: false,
    badRequest: false,
    unauthorized: false,
    notAcceptable: false,
    forbidden: false,
    notFound: true,
    unprocessableEntity: false,
    type: 'application/json',
    links: {},
    setEncoding: [Function: bound ],
    redirects: [],
    [Symbol(kCapture)]: false
  }
}
Error: Not Found
    at Request.callback (/home/erpsgt/frappe-bench/apps/frappe/node_modules/superagent/lib/node/index.js:706:15)
    at /home/erpsgt/frappe-bench/apps/frappe/node_modules/superagent/lib/node/index.js:916:18
    at IncomingMessage.<anonymous> (/home/erpsgt/frappe-bench/apps/frappe/node_modules/superagent/lib/node/parsers/json.js:19:7)
    at IncomingMessage.emit (events.js:326:22)
    at endReadableNT (_stream_readable.js:1241:12)
    at processTicksAndRejections (internal/process/task_queues.js:84:21) {
  status: 404,
  response: Response {
    _events: [Object: null prototype] {},
    _eventsCount: 0,
    _maxListeners: undefined,
    res: IncomingMessage {
      _readableState: [ReadableState],
      readable: false,
      _events: [Object: null prototype],
      _eventsCount: 4,
      _maxListeners: undefined,
      socket: [Socket],
      connection: [Socket],
      httpVersionMajor: 1,
      httpVersionMinor: 1,
      httpVersion: '1.1',
      complete: true,
      headers: [Object],
      rawHeaders: [Array],
      trailers: {},
      rawTrailers: [],
      aborted: false,
      upgrade: false,
      url: '',
      method: null,
      statusCode: 404,
      statusMessage: 'NOT FOUND',
      client: [Socket],
      _consuming: false,
      _dumped: false,
      req: [ClientRequest],
      text: '{"exc_type":"DoesNotExistError","_server_messages":"[\\"{\\\\\\"message\\\\\\": \\\\\\"Holiday List new-holiday-list-mgtvjluwzt not found\\\\\\", \\\\\\"title\\\\\\": \\\\\\"Message\\\\\\", \\\\\\"indicator\\\\\\": \\\\\\"red\\\\\\", \\\\\\"raise_exception\\\\\\": 1}\\"]"}',
      [Symbol(kCapture)]: false
    },
    request: Request {
      _events: [Object: null prototype] {},
      _eventsCount: 0,
      _maxListeners: undefined,
      _agent: false,
      _formData: null,
      method: 'GET',
      url: 'http://erp.starlly.in/api/method/frappe.realtime.can_subscribe_doc?sid=a39e441414856b140e5c4f28e00486f9ac66c05132c1de1f421f1cdb&doctype=Holiday%20List&docname=new-holiday-list-mgtvjluwzt',
      _header: [Object],
      header: [Object],
      writable: true,
      _redirects: 0,
      _maxRedirects: 5,
      cookies: '',
      qs: {},
      _query: [],
      qsRaw: [],
      _redirectList: [],
      _streamRequest: false,
      req: [ClientRequest],
      protocol: 'http:',
      host: 'erp.starlly.in',
      _endCalled: true,
      _callback: [Function],
      res: [IncomingMessage],
      response: [Circular],
      called: true,
      [Symbol(kCapture)]: false
    },
    req: ClientRequest {
      _events: [Object: null prototype],
      _eventsCount: 3,
      _maxListeners: undefined,
      outputData: [],
      outputSize: 0,
      writable: true,
      _last: true,
      chunkedEncoding: false,
      shouldKeepAlive: false,
      _defaultKeepAlive: true,
      useChunkedEncodingByDefault: false,
      sendDate: false,
      _removedConnection: false,
      _removedContLen: false,
      _removedTE: false,
      _contentLength: 0,
      _hasBody: true,
      _trailer: '',
      finished: true,
      _headerSent: true,
      socket: [Socket],
      connection: [Socket],
      _header: 'GET /api/method/frappe.realtime.can_subscribe_doc?sid=a39e441414856b140e5c4f28e00486f9ac66c05132c1de1f421f1cdb&doctype=Holiday%20List&docname=new-holiday-list-mgtvjluwzt HTTP/1.1\r\n' +
        'Host: erp.starlly.in\r\n' +
        'Accept-Encoding: gzip, deflate\r\n' +
        'User-Agent: node-superagent/3.8.3\r\n' +
        'Content-Type: application/x-www-form-urlencoded\r\n' +
        'Connection: close\r\n' +
        '\r\n',
      _keepAliveTimeout: 0,
      _onPendingData: [Function: noopPendingOutput],
      agent: [Agent],
      socketPath: undefined,
      method: 'GET',
      insecureHTTPParser: undefined,
      path: '/api/method/frappe.realtime.can_subscribe_doc?sid=a39e441414856b140e5c4f28e00486f9ac66c05132c1de1f421f1cdb&doctype=Holiday%20List&docname=new-holiday-list-mgtvjluwzt',
      _ended: true,
      res: [IncomingMessage],
      aborted: false,
      timeoutCb: null,
      upgradeOrConnect: false,
      parser: null,
      maxHeadersCount: null,
      reusedSocket: false,
      host: 'erp.starlly.in',
      protocol: 'http:',
      [Symbol(kCapture)]: false,
      [Symbol(kNeedDrain)]: false,
      [Symbol(corked)]: 0,
      [Symbol(kOutHeaders)]: [Object: null prototype]
    },
    text: '{"exc_type":"DoesNotExistError","_server_messages":"[\\"{\\\\\\"message\\\\\\": \\\\\\"Holiday List new-holiday-list-mgtvjluwzt not found\\\\\\", \\\\\\"title\\\\\\": \\\\\\"Message\\\\\\", \\\\\\"indicator\\\\\\": \\\\\\"red\\\\\\", \\\\\\"raise_exception\\\\\\": 1}\\"]"}',
    body: {
      exc_type: 'DoesNotExistError',
      _server_messages: '["{\\"message\\": \\"Holiday List new-holiday-list-mgtvjluwzt not found\\", \\"title\\": \\"Message\\", \\"indicator\\": \\"red\\", \\"raise_exception\\": 1}"]'
    },
    files: undefined,
    buffered: true,
    headers: {
      server: 'nginx',
      date: 'Mon, 09 Dec 2024 11:23:46 GMT',
      'content-type': 'application/json',
      'content-length': '229',
      connection: 'close',
      'set-cookie': [Array]
    },
    header: {
      server: 'nginx',
      date: 'Mon, 09 Dec 2024 11:23:46 GMT',
      'content-type': 'application/json',
      'content-length': '229',
      connection: 'close',
      'set-cookie': [Array]
    },
    statusCode: 404,
    status: 404,
    statusType: 4,
    info: false,
    ok: false,
    redirect: false,
    clientError: true,
    serverError: false,
    error: Error: cannot GET /api/method/frappe.realtime.can_subscribe_doc?sid=a39e441414856b140e5c4f28e00486f9ac66c05132c1de1f421f1cdb&doctype=Holiday%20List&docname=new-holiday-list-mgtvjluwzt (404)
        at Response.toError (/home/erpsgt/frappe-bench/apps/frappe/node_modules/superagent/lib/node/response.js:94:15)
        at ResponseBase._setStatusProperties (/home/erpsgt/frappe-bench/apps/frappe/node_modules/superagent/lib/response-base.js:123:16)
        at new Response (/home/erpsgt/frappe-bench/apps/frappe/node_modules/superagent/lib/node/response.js:41:8)
        at Request._emitResponse (/home/erpsgt/frappe-bench/apps/frappe/node_modules/superagent/lib/node/index.js:752:20)
        at /home/erpsgt/frappe-bench/apps/frappe/node_modules/superagent/lib/node/index.js:916:38
        at IncomingMessage.<anonymous> (/home/erpsgt/frappe-bench/apps/frappe/node_modules/superagent/lib/node/parsers/json.js:19:7)
        at IncomingMessage.emit (events.js:326:22)
        at endReadableNT (_stream_readable.js:1241:12)
        at processTicksAndRejections (internal/process/task_queues.js:84:21) {
      status: 404,
      text: '{"exc_type":"DoesNotExistError","_server_messages":"[\\"{\\\\\\"message\\\\\\": \\\\\\"Holiday List new-holiday-list-mgtvjluwzt not found\\\\\\", \\\\\\"title\\\\\\": \\\\\\"Message\\\\\\", \\\\\\"indicator\\\\\\": \\\\\\"red\\\\\\", \\\\\\"raise_exception\\\\\\": 1}\\"]"}',
      method: 'GET',
      path: '/api/method/frappe.realtime.can_subscribe_doc?sid=a39e441414856b140e5c4f28e00486f9ac66c05132c1de1f421f1cdb&doctype=Holiday%20List&docname=new-holiday-list-mgtvjluwzt'
    },
    created: false,
    accepted: false,
    noContent: false,
    badRequest: false,
    unauthorized: false,
    notAcceptable: false,
    forbidden: false,
    notFound: true,
    unprocessableEntity: false,
    type: 'application/json',
    links: {},
    setEncoding: [Function: bound ],
    redirects: [],
    [Symbol(kCapture)]: false
  }
}
