Updating Dashboard for frappe
Updating Dashboard for erpnext
Updating Dashboard for hrms
Traceback (most recent call last):
  File "apps/frappe/frappe/app.py", line 97, in application
    response = frappe.api.handle()
  File "apps/frappe/frappe/api.py", line 55, in handle
    return frappe.handler.handle()
  File "apps/frappe/frappe/handler.py", line 48, in handle
    data = execute_cmd(cmd)
  File "apps/frappe/frappe/handler.py", line 86, in execute_cmd
    return frappe.call(method, **frappe.form_dict)
  File "apps/frappe/frappe/__init__.py", line 1619, in call
    return fn(*args, **newargs)
  File "apps/frappe/frappe/handler.py", line 331, in run_doc_method
    response = doc.run_method(method)
  File "apps/frappe/frappe/model/document.py", line 931, in run_method
    out = Document.hook(fn)(self, *args, **kwargs)
  File "apps/frappe/frappe/model/document.py", line 1283, in composer
    return composed(self, method, *args, **kwargs)
  File "apps/frappe/frappe/model/document.py", line 1265, in runner
    add_to_return_value(self, fn(self, *args, **kwargs))
  File "apps/frappe/frappe/model/document.py", line 928, in fn
    return method_object(*args, **kwargs)
  File "apps/frappe/frappe/custom/doctype/customize_form/customize_form.py", line 41, in fetch_to_customize
    self.validate_doctype(meta)
  File "apps/frappe/frappe/custom/doctype/customize_form/customize_form.py", line 65, in validate_doctype
    frappe.throw(_("Only standard DocTypes are allowed to be customized from Customize Form."))
  File "apps/frappe/frappe/__init__.py", line 548, in throw
    msgprint(
  File "apps/frappe/frappe/__init__.py", line 509, in msgprint
    _raise_exception()
  File "apps/frappe/frappe/__init__.py", line 455, in _raise_exception
    raise raise_exception(msg)
frappe.exceptions.ValidationError: Only standard DocTypes are allowed to be customized from Customize Form.

Traceback (most recent call last):
  File "apps/frappe/frappe/app.py", line 97, in application
    response = frappe.api.handle()
  File "apps/frappe/frappe/api.py", line 55, in handle
    return frappe.handler.handle()
  File "apps/frappe/frappe/handler.py", line 48, in handle
    data = execute_cmd(cmd)
  File "apps/frappe/frappe/handler.py", line 83, in execute_cmd
    is_whitelisted(method)
  File "apps/frappe/frappe/__init__.py", line 794, in is_whitelisted
    throw(msg, PermissionError, title=_("Method Not Allowed"))
  File "apps/frappe/frappe/__init__.py", line 548, in throw
    msgprint(
  File "apps/frappe/frappe/__init__.py", line 509, in msgprint
    _raise_exception()
  File "apps/frappe/frappe/__init__.py", line 455, in _raise_exception
    raise raise_exception(msg)
frappe.exceptions.PermissionError: <details><summary>You are not permitted to access this resource.</summary>Function <strong>frappe.desk.desktop.get_desktop_page</strong> is not whitelisted.</details>

